This file contains any messages produced by compilers while
running configure, to aid debugging if configure makes a mistake.

It was created by bash configure 4.3-release, which was
generated by GNU Autoconf 2.69.  Invocation command line was

  $ ./configure CFLAGS= LDFLAGS= --disable-werror

## --------- ##
## Platform. ##
## --------- ##

hostname = ektksc-ThinkPad-T410
uname -m = x86_64
uname -r = 3.13.0-43-generic
uname -s = Linux
uname -v = #72-Ubuntu SMP Mon Dec 8 19:35:06 UTC 2014

/usr/bin/uname -p = unknown
/bin/uname -X     = unknown

/bin/arch              = unknown
/usr/bin/arch -k       = unknown
/usr/convex/getsysinfo = unknown
/usr/bin/hostinfo      = unknown
/bin/machine           = unknown
/usr/bin/oslevel       = unknown
/bin/universe          = unknown

PATH: /usr/local/bin/bin
PATH: /home/liwei/bin
PATH: /usr/local/sbin
PATH: /usr/local/bin
PATH: /usr/sbin
PATH: /usr/bin
PATH: /sbin
PATH: /bin
PATH: /usr/games
PATH: /usr/local/games


## ----------- ##
## Core tests. ##
## ----------- ##

configure:2767: checking build system type
configure:2781: result: x86_64-unknown-linux-gnu
configure:2801: checking host system type
configure:2814: result: x86_64-unknown-linux-gnu
configure:3443: checking for gcc
configure:3470: result: /home/ektksc/work/mithrandir/tools/toolchain/x86_64/x86_64-unknown-linux-gnu/bin/x86_64-unknown-linux-gnu-gcc
configure:3699: checking for C compiler version
configure:3708: /home/ektksc/work/mithrandir/tools/toolchain/x86_64/x86_64-unknown-linux-gnu/bin/x86_64-unknown-linux-gnu-gcc --version >&5
x86_64-unknown-linux-gnu-gcc (crosstool-NG 1.19.0) 4.4.3
Copyright (C) 2010 Free Software Foundation, Inc.
This is free software; see the source for copying conditions.  There is NO
warranty; not even for MERCHANTABILITY or FITNESS FOR A PARTICULAR PURPOSE.

configure:3719: $? = 0
configure:3708: /home/ektksc/work/mithrandir/tools/toolchain/x86_64/x86_64-unknown-linux-gnu/bin/x86_64-unknown-linux-gnu-gcc -v >&5
Using built-in specs.
Target: x86_64-unknown-linux-gnu
Configured with: /home/mipsel/Downloads/crosstool-ng-1.19.0/.build/src/gcc-4.4.3/configure --build=x86_64-build_unknown-linux-gnu --host=x86_64-build_unknown-linux-gnu --target=x86_64-unknown-linux-gnu --prefix=/home/mipsel/x-tools/x86_64-unknown-linux-gnu --with-sysroot=/home/mipsel/x-tools/x86_64-unknown-linux-gnu/x86_64-unknown-linux-gnu/sysroot --enable-languages=c,c++,fortran,java --with-pkgversion='crosstool-NG 1.19.0' --enable-__cxa_atexit --disable-libmudflap --disable-libgomp --disable-libssp --with-gmp=/home/mipsel/Downloads/crosstool-ng-1.19.0/.build/x86_64-unknown-linux-gnu/buildtools --with-mpfr=/home/mipsel/Downloads/crosstool-ng-1.19.0/.build/x86_64-unknown-linux-gnu/buildtools --with-ppl=/home/mipsel/Downloads/crosstool-ng-1.19.0/.build/x86_64-unknown-linux-gnu/buildtools --with-cloog=/home/mipsel/Downloads/crosstool-ng-1.19.0/.build/x86_64-unknown-linux-gnu/buildtools --with-host-libstdcxx='-static-libgcc -Wl,-Bstatic,-lstdc++,-Bdynamic -lm' --enable-threads=posix --enable-target-optspace --disable-nls --disable-multilib --with-local-prefix=/home/mipsel/x-tools/x86_64-unknown-linux-gnu/x86_64-unknown-linux-gnu/sysroot --enable-c99 --enable-long-long
Thread model: posix
gcc version 4.4.3 (crosstool-NG 1.19.0) 
configure:3719: $? = 0
configure:3708: /home/ektksc/work/mithrandir/tools/toolchain/x86_64/x86_64-unknown-linux-gnu/bin/x86_64-unknown-linux-gnu-gcc -V >&5
x86_64-unknown-linux-gnu-gcc: '-V' option must have argument
configure:3719: $? = 1
configure:3708: /home/ektksc/work/mithrandir/tools/toolchain/x86_64/x86_64-unknown-linux-gnu/bin/x86_64-unknown-linux-gnu-gcc -qversion >&5
x86_64-unknown-linux-gnu-gcc: unrecognized option '-qversion'
x86_64-unknown-linux-gnu-gcc: no input files
configure:3719: $? = 1
configure:3739: checking whether the C compiler works
configure:3761: /home/ektksc/work/mithrandir/tools/toolchain/x86_64/x86_64-unknown-linux-gnu/bin/x86_64-unknown-linux-gnu-gcc    conftest.c  >&5
/home/ektksc/work/mithrandir/tools/toolchain/x86_64/x86_64-unknown-linux-gnu/bin/../lib/gcc/x86_64-unknown-linux-gnu/4.4.3/../../../../x86_64-unknown-linux-gnu/bin/ld: crt1.o: No such file: No such file or directory
collect2: ld returned 1 exit status
configure:3765: $? = 1
configure:3803: result: no
configure: failed program was:
| /* confdefs.h */
| #define PACKAGE_NAME "bash"
| #define PACKAGE_TARNAME "bash"
| #define PACKAGE_VERSION "4.3-release"
| #define PACKAGE_STRING "bash 4.3-release"
| #define PACKAGE_BUGREPORT "bug-bash@gnu.org"
| #define PACKAGE_URL ""
| #define USING_BASH_MALLOC 1
| #define ALIAS 1
| #define PUSHD_AND_POPD 1
| #define RESTRICTED_SHELL 1
| #define PROCESS_SUBSTITUTION 1
| #define PROMPT_STRING_DECODE 1
| #define SELECT_COMMAND 1
| #define HELP_BUILTIN 1
| #define ARRAY_VARS 1
| #define DPAREN_ARITHMETIC 1
| #define BRACE_EXPANSION 1
| #define COMMAND_TIMING 1
| #define EXTENDED_GLOB 1
| #define EXTGLOB_DEFAULT 0
| #define COND_COMMAND 1
| #define COND_REGEXP 1
| #define COPROCESS_SUPPORT 1
| #define ARITH_FOR_COMMAND 1
| #define NETWORK_REDIRECTIONS 1
| #define PROGRAMMABLE_COMPLETION 1
| #define DEBUGGER 1
| #define CASEMOD_ATTRS 1
| #define CASEMOD_EXPANSIONS 1
| #define GLOBASCII_DEFAULT 0
| #define MEMSCRAMBLE 1
| /* end confdefs.h.  */
| 
| int
| main ()
| {
| 
|   ;
|   return 0;
| }
configure:3808: error: in `/home/ektksc/work/mithrandir/apps/bash/bash-4.3':
configure:3810: error: C compiler cannot create executables
See `config.log' for more details

## ---------------- ##
## Cache variables. ##
## ---------------- ##

ac_cv_build=x86_64-unknown-linux-gnu
ac_cv_env_CC_FOR_BUILD_set=
ac_cv_env_CC_FOR_BUILD_value=
ac_cv_env_CC_set=set
ac_cv_env_CC_value=/home/ektksc/work/mithrandir/tools/toolchain/x86_64/x86_64-unknown-linux-gnu/bin/x86_64-unknown-linux-gnu-gcc
ac_cv_env_CFLAGS_FOR_BUILD_set=
ac_cv_env_CFLAGS_FOR_BUILD_value=
ac_cv_env_CFLAGS_set=set
ac_cv_env_CFLAGS_value=
ac_cv_env_CPPFLAGS_FOR_BUILD_set=
ac_cv_env_CPPFLAGS_FOR_BUILD_value=
ac_cv_env_CPPFLAGS_set=
ac_cv_env_CPPFLAGS_value=
ac_cv_env_CPP_set=
ac_cv_env_CPP_value=
ac_cv_env_DEBUGGER_START_FILE_set=
ac_cv_env_DEBUGGER_START_FILE_value=
ac_cv_env_LDFLAGS_FOR_BUILD_set=
ac_cv_env_LDFLAGS_FOR_BUILD_value=
ac_cv_env_LDFLAGS_set=set
ac_cv_env_LDFLAGS_value=
ac_cv_env_LIBS_set=
ac_cv_env_LIBS_value=
ac_cv_env_YACC_set=
ac_cv_env_YACC_value=
ac_cv_env_YFLAGS_set=
ac_cv_env_YFLAGS_value=
ac_cv_env_build_alias_set=
ac_cv_env_build_alias_value=
ac_cv_env_host_alias_set=
ac_cv_env_host_alias_value=
ac_cv_env_target_alias_set=
ac_cv_env_target_alias_value=
ac_cv_host=x86_64-unknown-linux-gnu
ac_cv_prog_ac_ct_CC=/home/ektksc/work/mithrandir/tools/toolchain/x86_64/x86_64-unknown-linux-gnu/bin/x86_64-unknown-linux-gnu-gcc

## ----------------- ##
## Output variables. ##
## ----------------- ##

ALLOCA=''
AR='/home/ektksc/work/mithrandir/tools/toolchain/x86_64/x86_64-unknown-linux-gnu/bin/x86_64-unknown-linux-gnu-ar'
ARFLAGS=''
BASHVERS='4.3'
BUILD_DIR='/home/ektksc/work/mithrandir/build'
BUILD_INCLUDED_LIBINTL=''
CATOBJEXT=''
CC='/home/ektksc/work/mithrandir/tools/toolchain/x86_64/x86_64-unknown-linux-gnu/bin/x86_64-unknown-linux-gnu-gcc'
CC_FOR_BUILD=''
CFLAGS=''
CFLAGS_FOR_BUILD=''
CPP=''
CPPFLAGS=''
CPPFLAGS_FOR_BUILD=''
CROSS_COMPILE='/home/ektksc/work/mithrandir/tools/toolchain/x86_64/x86_64-unknown-linux-gnu/bin/x86_64-unknown-linux-gnu-'
DATADIRNAME=''
DEBUG=''
DEBUGGER_START_FILE='${datadir}/bashdb/bashdb-main.inc'
DEFS=''
ECHO_C=''
ECHO_N='-n'
ECHO_T=''
EGREP=''
EXEEXT=''
GENCAT=''
GLIBC21=''
GMSGFMT=''
GREP=''
HELPDIR=''
HELPDIRDEFINE=''
HELPFILES_TARGET=''
HELPINSTALL=''
HELPSTRINGS=''
HISTORY_DEP=''
HISTORY_LIB=''
HIST_LIBDIR=''
INSTALL_DATA=''
INSTALL_PROGRAM=''
INSTALL_SCRIPT=''
INSTOBJEXT=''
INTLBISON=''
INTLLIBS=''
INTLOBJS=''
INTL_DEP=''
INTL_INC=''
INTL_LIBTOOL_SUFFIX_PREFIX=''
JOBS_O=''
LDFLAGS=''
LDFLAGS_FOR_BUILD=''
LIBICONV=''
LIBINTL=''
LIBINTL_H=''
LIBOBJS=''
LIBS=''
LIBS_FOR_BUILD=''
LOCAL_CFLAGS=''
LOCAL_DEFS=''
LOCAL_LDFLAGS=''
LOCAL_LIBS=''
LTLIBICONV=''
LTLIBINTL=''
LTLIBOBJS=''
MAKE_SHELL=''
MALLOC_DEBUG=''
MALLOC_DEP='$(MALLOC_LIBRARY)'
MALLOC_LDFLAGS='-L$(ALLOC_LIBDIR)'
MALLOC_LIB='-lmalloc'
MALLOC_LIBRARY='$(ALLOC_LIBDIR)/libmalloc.a'
MALLOC_SRC='malloc.c'
MALLOC_TARGET='malloc'
MKINSTALLDIRS=''
MSGFMT=''
MSGMERGE=''
OBJEXT=''
PACKAGE_BUGREPORT='bug-bash@gnu.org'
PACKAGE_NAME='bash'
PACKAGE_STRING='bash 4.3-release'
PACKAGE_TARNAME='bash'
PACKAGE_URL=''
PACKAGE_VERSION='4.3-release'
PATH_SEPARATOR=':'
POSUB=''
PROFILE_FLAGS=''
PTHREAD_H_DEFINES_STRUCT_TIMESPEC=''
PURIFY=''
RANLIB='/home/ektksc/work/mithrandir/tools/toolchain/x86_64/x86_64-unknown-linux-gnu/bin/x86_64-unknown-linux-gnu-ranlib'
READLINE_DEP=''
READLINE_LIB=''
RELSTATUS='release'
RL_INCLUDE=''
RL_INCLUDEDIR=''
RL_LIBDIR=''
RL_MAJOR=''
RL_MINOR=''
RL_VERSION=''
SET_MAKE=''
SHELL='/bin/sh'
SHOBJ_CC=''
SHOBJ_CFLAGS=''
SHOBJ_LD=''
SHOBJ_LDFLAGS=''
SHOBJ_LIBS=''
SHOBJ_STATUS=''
SHOBJ_XLDFLAGS=''
SIGLIST_O=''
SIGNAMES_H=''
SIGNAMES_O=''
SIZE=''
STATIC_LD=''
SYS_TIME_H_DEFINES_STRUCT_TIMESPEC=''
TERMCAP_DEP=''
TERMCAP_LIB=''
TESTSCRIPT='run-all'
TILDE_LIB=''
TIME_H_DEFINES_STRUCT_TIMESPEC=''
USE_INCLUDED_LIBINTL=''
USE_NLS=''
XGETTEXT=''
YACC=''
YFLAGS=''
ac_ct_CC='/home/ektksc/work/mithrandir/tools/toolchain/x86_64/x86_64-unknown-linux-gnu/bin/x86_64-unknown-linux-gnu-gcc'
bindir='${exec_prefix}/bin'
build='x86_64-unknown-linux-gnu'
build_alias=''
build_cpu='x86_64'
build_os='linux-gnu'
build_vendor='unknown'
datadir='${datarootdir}'
datarootdir='${prefix}/share'
docdir='${datarootdir}/doc/${PACKAGE_TARNAME}'
dvidir='${docdir}'
exec_prefix='NONE'
host='x86_64-unknown-linux-gnu'
host_alias=''
host_cpu='x86_64'
host_os='linux-gnu'
host_vendor='unknown'
htmldir='${docdir}'
incdir=''
includedir='${prefix}/include'
infodir='${datarootdir}/info'
libdir='${exec_prefix}/lib'
libexecdir='${exec_prefix}/libexec'
localedir='${datarootdir}/locale'
localstatedir='${prefix}/var'
mandir='${datarootdir}/man'
oldincludedir='/usr/include'
pdfdir='${docdir}'
prefix='NONE'
program_transform_name='s,x,x,'
psdir='${docdir}'
sbindir='${exec_prefix}/sbin'
sharedstatedir='${prefix}/com'
sysconfdir='${prefix}/etc'
target_alias=''

## ----------- ##
## confdefs.h. ##
## ----------- ##

/* confdefs.h */
#define PACKAGE_NAME "bash"
#define PACKAGE_TARNAME "bash"
#define PACKAGE_VERSION "4.3-release"
#define PACKAGE_STRING "bash 4.3-release"
#define PACKAGE_BUGREPORT "bug-bash@gnu.org"
#define PACKAGE_URL ""
#define USING_BASH_MALLOC 1
#define ALIAS 1
#define PUSHD_AND_POPD 1
#define RESTRICTED_SHELL 1
#define PROCESS_SUBSTITUTION 1
#define PROMPT_STRING_DECODE 1
#define SELECT_COMMAND 1
#define HELP_BUILTIN 1
#define ARRAY_VARS 1
#define DPAREN_ARITHMETIC 1
#define BRACE_EXPANSION 1
#define COMMAND_TIMING 1
#define EXTENDED_GLOB 1
#define EXTGLOB_DEFAULT 0
#define COND_COMMAND 1
#define COND_REGEXP 1
#define COPROCESS_SUPPORT 1
#define ARITH_FOR_COMMAND 1
#define NETWORK_REDIRECTIONS 1
#define PROGRAMMABLE_COMPLETION 1
#define DEBUGGER 1
#define CASEMOD_ATTRS 1
#define CASEMOD_EXPANSIONS 1
#define GLOBASCII_DEFAULT 0
#define MEMSCRAMBLE 1

configure: exit 77
